{
  "RSpec": {
    "coverage": {
      "/Users/noafarber/Projects/week_4/chitter-new/spec/features/index_page_spec.rb": {
        "lines": [
          1,
          1,
          1,
          1,
          1,
          null,
          null
        ]
      },
      "/Users/noafarber/Projects/week_4/chitter-new/spec/features/post_peep_spec.rb": {
        "lines": [
          1,
          1,
          1,
          1,
          1,
          null,
          1,
          null,
          null
        ]
      },
      "/Users/noafarber/Projects/week_4/chitter-new/spec/features/viewing_peeps_spec.rb": {
        "lines": [
          1,
          null,
          1,
          1,
          null,
          1,
          1,
          null,
          1,
          null,
          1,
          1,
          null,
          null
        ]
      },
      "/Users/noafarber/Projects/week_4/chitter-new/spec/unit/peep_spec.rb": {
        "lines": [
          1,
          1,
          null,
          1,
          2,
          null,
          1,
          1,
          1,
          1,
          1,
          null,
          null,
          null,
          1,
          1,
          1,
          null,
          1,
          1,
          null,
          1,
          null,
          1,
          1,
          1,
          1,
          1,
          null,
          null,
          null,
          1,
          1,
          1,
          1,
          null,
          1,
          1,
          1,
          1,
          null,
          null,
          null
        ]
      },
      "/Users/noafarber/Projects/week_4/chitter-new/spec/db_helpers.rb": {
        "lines": [
          1,
          null,
          1,
          1,
          1,
          1,
          null
        ]
      }
    },
    "timestamp": 1635425187
  }
}
