{
  "RSpec": {
    "coverage": {
      "/Users/noafarber/Projects/week_4/chitter-new/app.rb": {
        "lines": [
          null,
          null,
          1,
          1,
          1,
          null,
          1,
          1,
          1,
          null,
          null,
          1,
          1,
          null,
          null,
          1,
          2,
          null,
          2,
          null,
          null,
          1,
          1,
          null,
          null,
          1,
          1,
          1,
          null,
          null,
          1,
          null
        ]
      },
      "/Users/noafarber/Projects/week_4/chitter-new/lib/peep.rb": {
        "lines": [
          1,
          null,
          1,
          1,
          4,
          4,
          null,
          0,
          null,
          null,
          4,
          10,
          null,
          null,
          1,
          4,
          4,
          null,
          0,
          null,
          null,
          4,
          null,
          null
        ]
      },
      "/Users/noafarber/Projects/week_4/chitter-new/spec/test_database_setup.rb": {
        "lines": [
          1,
          null,
          1,
          5,
          null,
          5,
          null
        ]
      },
      "/Users/noafarber/Projects/week_4/chitter-new/spec/features/index_page_spec.rb": {
        "lines": [
          1,
          1,
          1,
          1,
          null,
          null
        ]
      },
      "/Users/noafarber/Projects/week_4/chitter-new/spec/features/post_peep_spec.rb": {
        "lines": [
          1,
          1,
          1,
          1,
          1,
          null,
          1,
          null,
          null
        ]
      },
      "/Users/noafarber/Projects/week_4/chitter-new/spec/features/viewing_peeps_spec.rb": {
        "lines": [
          1,
          null,
          1,
          1,
          1,
          null,
          1,
          1,
          null,
          1,
          null,
          1,
          1,
          null,
          null
        ]
      },
      "/Users/noafarber/Projects/week_4/chitter-new/spec/peep_spec.rb": {
        "lines": [
          1,
          null,
          1,
          1,
          1,
          1,
          null,
          1,
          1,
          null,
          1,
          null,
          1,
          1,
          null,
          null,
          null,
          1,
          1,
          1,
          null,
          1,
          null,
          null,
          null
        ]
      }
    },
    "timestamp": 1634999921
  }
}
